<?xml version="1.0" encoding="UTF-8"?>
<testng-results skipped="0" failed="0" total="1" passed="1">
  <reporter-output>
  </reporter-output>
  <suite name="Suite" duration-ms="19" started-at="2016-03-30T06:04:48Z" finished-at="2016-03-30T06:04:48Z">
    <groups>
    </groups>
    <test name="Test" duration-ms="19" started-at="2016-03-30T06:04:48Z" finished-at="2016-03-30T06:04:48Z">
      <class name="jenkins1.jenkins1">
        <test-method status="PASS" signature="f()[pri:0, instance:jenkins1.jenkins1@f67ac7]" name="f" duration-ms="6" started-at="2016-03-30T11:34:48Z" finished-at="2016-03-30T11:34:48Z">
          <reporter-output>
          </reporter-output>
        </test-method> <!-- f -->
      </class> <!-- jenkins1.jenkins1 -->
    </test> <!-- Test -->
  </suite> <!-- Suite -->
</testng-results>
